[23:23:38] [INIT] KubeJS 2001.6.5-build.16; MC 2001 forge
[23:23:38] [INIT] Loaded plugins:
[23:23:38] [INIT] - dev.latvian.mods.kubejs.forge.BuiltinKubeJSForgePlugin
[23:23:38] [INIT] - dev.latvian.mods.kubejs.forge.BuiltinKubeJSForgeClientPlugin
[23:23:38] [INIT] - com.gregtechceu.gtceu.integration.kjs.GregTechKubeJSPlugin
[23:23:38] [INIT] - com.lowdragmc.lowdraglib.kjs.LDLibKubeJSPlugin
[23:23:38] [INIT] - com.github.tartaricacid.touhoulittlemaid.compat.kubejs.ModKubeJSPlugin
[23:23:38] [INIT] - com.probejs.ProbeJSPlugin
[23:23:38] [INFO] Loaded script server_scripts:bedrock_fluid.js in 0.0 s
[23:23:38] [INFO] Loaded script server_scripts:easymultiblock.js in 0.009 s
[23:23:38] [INFO] example.js#5: Hello, World! (Loaded server scripts)
[23:23:38] [INFO] Loaded script server_scripts:example.js in 0.0 s
[23:23:38] [INFO] Loaded script server_scripts:flat_dimension.js in 0.0 s
[23:23:38] [INFO] Loaded script server_scripts:GTERecipe.js in 0.001 s
[23:23:38] [INFO] Loaded 5/5 KubeJS server scripts in 0.021 s with 0 errors and 0 warnings
[23:23:38] [INFO] Scripts loaded
[23:23:38] [INFO] Initializing recipe event...
[23:23:39] [INFO] Processing recipes...
[23:23:40] [INFO] Found 37470 recipes in 892.8 ms
[23:23:40] [INFO] Posted recipe events in 148.3 ms
[23:23:41] [INFO] Added 6 recipes, removed 21 recipes, modified 0 recipes, with 0 failed recipes in 1.029 s
[23:23:43] [INFO] Server resource reload complete!
