[148月2025 00:00:19.603] [Render thread/INFO] [net.minecraft.advancements.AdvancementList/]: Loaded 253 advancements
[148月2025 00:00:22.553] [Render thread/INFO] [net.minecraft.advancements.AdvancementList/]: Loaded 266 advancements
[148月2025 00:01:46.809] [Server thread/WARN] [net.minecraft.server.network.ServerGamePacketListenerImpl/]: xiamu moved too quickly! 0.7829257498748348,-7.45665689964612,-7.3844174042309305
[148月2025 00:02:00.712] [Server thread/WARN] [net.minecraft.server.network.ServerGamePacketListenerImpl/]: xiamu moved too quickly! -2.2709051576619004,4.978434292621301,-10.040531766056233
[148月2025 00:02:06.506] [Render thread/WARN] [net.minecraft.client.sounds.SoundEngine/SOUNDS]: Unable to play empty soundEvent: minecraft:entity.salmon.ambient
[148月2025 00:02:29.176] [Render thread/INFO] [ChunkBuilder/]: Stopping worker threads
[148月2025 00:02:29.194] [Render thread/INFO] [ChunkBuilder/]: Started 10 worker threads
[148月2025 00:02:29.198] [Render thread/INFO] [ChunkBuilder/]: Stopping worker threads
[148月2025 00:02:29.209] [Render thread/INFO] [ChunkBuilder/]: Started 10 worker threads
[148月2025 00:02:29.315] [Render thread/INFO] [xaero.hud.minimap.MinimapLogs/]: Minimap updated server level id: 1240348407 for world ResourceKey[minecraft:dimension / javd:void]
[148月2025 00:02:29.323] [Server thread/INFO] [net.minecraft.server.MinecraftServer/]: [GOGOGOPioneer: 已将GOGOGOPioneer传送至0.500000, 0.000000, 0.500000]
[148月2025 00:02:29.324] [Render thread/INFO] [net.minecraft.client.gui.components.ChatComponent/]: [System] [CHAT] 已将GOGOGOPioneer传送至0.500000, 0.000000, 0.500000
[148月2025 00:05:58.250] [Server thread/INFO] [net.minecraft.server.network.ServerGamePacketListenerImpl/]: xiamu lost connection: 连接中断
[148月2025 00:05:58.250] [Server thread/INFO] [net.minecraft.server.MinecraftServer/]: xiamu退出了游戏
[148月2025 00:05:58.250] [Server thread/INFO] [voicechat/]: [voicechat] Disconnecting client xiamu
[148月2025 00:05:58.255] [Render thread/INFO] [net.minecraft.client.gui.components.ChatComponent/]: [System] [CHAT] xiamu退出了游戏
[148月2025 00:06:33.277] [Render thread/INFO] [net.minecraft.client.Minecraft/]: Stopping!
[148月2025 00:06:33.279] [Render thread/INFO] [xaero.hud.minimap.MinimapLogs/]: Xaero hud session finalized.
[148月2025 00:06:33.280] [Render thread/INFO] [mezz.jei.forge.startup.StartEventObserver/]: JEI StartEventObserver received class net.minecraftforge.client.event.ClientPlayerNetworkEvent$LoggingOut
[148月2025 00:06:33.280] [Render thread/INFO] [mezz.jei.forge.startup.StartEventObserver/]: JEI StartEventObserver transitioning state from JEI_STARTED to DISABLED
[148月2025 00:06:33.280] [Render thread/INFO] [mezz.jei.library.startup.JeiStarter/]: Stopping JEI
[148月2025 00:06:33.280] [Render thread/INFO] [mezz.jei.library.load.PluginCaller/]: Sending Runtime Unavailable...
[148月2025 00:06:33.280] [Render thread/INFO] [mezz.jei.forge.plugins.forge.ForgeGuiPlugin/]: Stopping JEI GUI
[148月2025 00:06:33.286] [Render thread/INFO] [mezz.jei.library.load.PluginCaller/]: Sending Runtime Unavailable took 4.981 ms
[148月2025 00:06:33.290] [Render thread/INFO] [voicechat/]: [voicechat] Clearing audio channels
[148月2025 00:06:33.296] [Server thread/INFO] [net.minecraft.server.network.ServerGamePacketListenerImpl/]: GOGOGOPioneer lost connection: 连接中断
[148月2025 00:06:33.296] [Server thread/INFO] [net.minecraft.server.MinecraftServer/]: GOGOGOPioneer退出了游戏
[148月2025 00:06:33.296] [Server thread/INFO] [voicechat/]: [voicechat] Disconnecting client GOGOGOPioneer
[148月2025 00:06:33.301] [Server thread/INFO] [net.minecraft.server.network.ServerGamePacketListenerImpl/]: Stopping singleplayer server as player logged out
[148月2025 00:06:33.312] [Render thread/INFO] [voicechat/]: [voicechat] Stopping microphone thread
[148月2025 00:06:33.360] [Render thread/INFO] [voicechat/]: [voicechat] Disconnecting voicechat
[148月2025 00:06:33.361] [Server thread/INFO] [net.minecraft.server.MinecraftServer/]: Stopping server
[148月2025 00:06:33.361] [Server thread/INFO] [net.minecraft.server.MinecraftServer/]: Saving players
[148月2025 00:06:33.362] [Server thread/INFO] [net.minecraft.server.MinecraftServer/]: Saving worlds
[148月2025 00:06:33.543] [Server thread/INFO] [net.minecraft.server.MinecraftServer/]: Saving chunks for level 'ServerLevel[新的世界]'/minecraft:overworld
[148月2025 00:06:33.587] [Server thread/INFO] [net.minecraft.server.MinecraftServer/]: Saving chunks for level 'ServerLevel[新的世界]'/javd:void
[148月2025 00:06:33.707] [Server thread/INFO] [net.minecraft.server.MinecraftServer/]: Saving chunks for level 'ServerLevel[新的世界]'/minecraft:the_nether
[148月2025 00:06:33.709] [Server thread/INFO] [net.minecraft.server.MinecraftServer/]: Saving chunks for level 'ServerLevel[新的世界]'/minecraft:the_end
[148月2025 00:06:33.710] [Server thread/INFO] [net.minecraft.server.MinecraftServer/]: Saving chunks for level 'ServerLevel[新的世界]'/ae2:spatial_storage
[148月2025 00:06:33.757] [Server thread/INFO] [net.minecraft.server.MinecraftServer/]: ThreadedAnvilChunkStorage (新的世界): All chunks are saved
[148月2025 00:06:33.757] [Server thread/INFO] [net.minecraft.server.MinecraftServer/]: ThreadedAnvilChunkStorage (void): All chunks are saved
[148月2025 00:06:33.757] [Server thread/INFO] [net.minecraft.server.MinecraftServer/]: ThreadedAnvilChunkStorage (DIM-1): All chunks are saved
[148月2025 00:06:33.757] [Server thread/INFO] [net.minecraft.server.MinecraftServer/]: ThreadedAnvilChunkStorage (DIM1): All chunks are saved
[148月2025 00:06:33.757] [Server thread/INFO] [net.minecraft.server.MinecraftServer/]: ThreadedAnvilChunkStorage (spatial_storage): All chunks are saved
[148月2025 00:06:33.757] [Server thread/INFO] [net.minecraft.server.MinecraftServer/]: ThreadedAnvilChunkStorage: All dimensions are saved
[148月2025 00:06:34.699] [Render thread/INFO] [ChunkBuilder/]: Stopping worker threads
[148月2025 00:06:35.599] [Render thread/INFO] [FTB Chunks/]: Shutting down map thread
